---- 2025-05-22 16:04:04 ----
Array
(
    [form_action] => reschedule_schedule
    [cancel_reschedule_nonce] => 45c0e10d7c
    [_wp_http_referer] => /frutin-my-account/view-schedule/3700/
    [meal_plan_id] => 49
    [meal_plan_schedule_id] => 120
    [new_serve_date] => 2025-06-04
    [new_weekday] => Wednesday
    [new_meal_type] => lunch
    [new_delivery] => 12 PM to 2 PM
)


---- 2025-05-22 16:10:07 ----
Array
(
    [form_action] => reschedule_schedule
    [cancel_reschedule_nonce] => 45c0e10d7c
    [_wp_http_referer] => /frutin-my-account/view-schedule/3700/
    [meal_plan_id] => 49
    [meal_plan_schedule_id] => 120
    [new_serve_date] => 2025-06-04
    [new_weekday] => Wednesday
    [new_meal_type] => lunch
    [new_delivery] => 12 PM to 2 PM
)


---- 2025-05-22 16:10:30 ----
Array
(
    [form_action] => reschedule_schedule
    [cancel_reschedule_nonce] => 45c0e10d7c
    [_wp_http_referer] => /frutin-my-account/view-schedule/3700/
    [meal_plan_id] => 49
    [meal_plan_schedule_id] => 120
    [new_serve_date] => 2025-06-04
    [new_weekday] => Wednesday
    [new_meal_type] => dinner
    [new_delivery] => 7 PM to 9 PM
)


---- 2025-05-22 16:13:34 ----
Array
(
    [form_action] => reschedule_schedule
    [cancel_reschedule_nonce] => 45c0e10d7c
    [_wp_http_referer] => /frutin-my-account/view-schedule/3700/
    [meal_plan_id] => 49
    [meal_plan_schedule_id] => 120
    [new_serve_date] => 2025-06-04
    [new_weekday] => Wednesday
    [new_meal_type] => dinner
    [new_delivery] => 7 PM to 9 PM
)


---- 2025-05-22 16:13:56 ----
Array
(
    [form_action] => reschedule_schedule
    [cancel_reschedule_nonce] => 45c0e10d7c
    [_wp_http_referer] => /frutin-my-account/view-schedule/3700/
    [meal_plan_id] => 49
    [meal_plan_schedule_id] => 120
    [new_serve_date] => 2025-06-19
    [new_weekday] => Thursday
    [new_meal_type] => lunch
    [new_delivery] => 12 PM to 2 PM
)


---- 2025-05-22 16:18:14 ----
POST Data:
Array
(
    [form_action] => reschedule_schedule
    [cancel_reschedule_nonce] => 45c0e10d7c
    [_wp_http_referer] => /frutin-my-account/view-schedule/3700/
    [meal_plan_id] => 49
    [meal_plan_schedule_id] => 120
    [new_serve_date] => 2025-06-29
    [new_weekday] => Sunday
    [new_meal_type] => dinner
    [new_delivery] => 7 PM to 9 PM
)

SUCCESS: Schedule rescheduled successfully for id: 120
---- 2025-05-22 16:19:18 ----
POST Data:
Array
(
    [form_action] => reschedule_schedule
    [cancel_reschedule_nonce] => 45c0e10d7c
    [_wp_http_referer] => /frutin-my-account/view-schedule/3700/
    [meal_plan_id] => 49
    [meal_plan_schedule_id] => 116
    [new_serve_date] => 2025-06-02
    [new_weekday] => Monday
    [new_meal_type] => lunch
    [new_delivery] => 12 PM to 2 PM
)

SUCCESS: Schedule rescheduled successfully for id: 116
---- 2025-05-22 16:23:16 ----
POST Data:
Array
(
    [form_action] => reschedule_schedule
    [cancel_reschedule_nonce] => 45c0e10d7c
    [_wp_http_referer] => /frutin-my-account/view-schedule/3701/
    [meal_plan_id] => 50
    [meal_plan_schedule_id] => 129
    [new_serve_date] => 2025-05-29
    [new_weekday] => Thursday
    [new_meal_type] => dinner
    [new_delivery] => 7 PM to 9 PM
)

SUCCESS: Schedule rescheduled successfully for id: 129
