Log file created at 2025-05-01 08:30:32
Product details - ID: 3207, Name: 10 Days Balanced Diet Meal Plan
Meta: _wcpa_order_meta_data => Array
(
    [sec_867d6c23a0fb7a] => Array
        (
            [extra] => stdClass Object
                (
                    [section_id] => sec_867d6c23a0fb7a
                    [clStatus] => visible
                    [key] => sec_867d6c23a0fb7a
                    [price] => 0
                    [form_id] => 3149
                    [parentKey] => 
                    [form_rules] => Array
                        (
                        )

                )

            [fields] => Array
                (
                    [0] => Array
                        (
                            [0] => Array
                                (
                                    [type] => checkbox-group
                                    [name] => checkgroup_7389821918
                                    [label] => Ingredients
                                    [elementId] => checkgroup_7389821918
                                    [value] => Array
                                        (
                                            [0] => Array
                                                (
                                                    [i] => 0
                                                    [value] => Caret
                                                    [label] => Caret
                                                )

                                            [1] => Array
                                                (
                                                    [i] => 1
                                                    [value] => Tomato
                                                    [label] => Tomato
                                                )

                                            [2] => Array
                                                (
                                                    [i] => 2
                                                    [value] => Capsicum
                                                    [label] => Capsicum
                                                )

                                        )

                                    [clStatus] => visible
                                    [price] => 
                                    [form_data] => stdClass Object
                                        (
                                            [name] => checkgroup_7389821918
                                            [label] => Ingredients
                                            [description] => Un-Check ingredients which you do not want to include in your meal plan
                                            [active] => 1
                                            [required] => 
                                            [elementId] => checkgroup_7389821918
                                        )

                                    [meta_id] => 5919
                                )

                        )

                )

        )

    [sec_367d6bf31e3336] => Array
        (
            [extra] => stdClass Object
                (
                    [section_id] => sec_367d6bf31e3336
                    [clStatus] => visible
                    [key] => sec_367d6bf31e3336
                    [price] => 0
                    [form_id] => 3145
                    [parentKey] => 
                    [form_rules] => Array
                        (
                        )

                )

            [fields] => Array
                (
                    [0] => Array
                        (
                            [0] => Array
                                (
                                    [type] => date
                                    [name] => date_2693937925
                                    [label] => Start Date
                                    [elementId] => date_2693937925
                                    [value] => 2025-05-02
                                    [clStatus] => visible
                                    [price] => 
                                    [form_data] => stdClass Object
                                        (
                                            [name] => date_2693937925
                                            [label] => Start Date
                                            [active] => 1
                                            [required] => 1
                                            [elementId] => date_2693937925
                                        )

                                    [dateFormat] => F j, Y
                                    [meta_id] => 5920
                                )

                        )

                    [1] => Array
                        (
                            [0] => Array
                                (
                                    [type] => checkbox-group
                                    [name] => checkgroup_7019536144
                                    [label] => Select Days
                                    [elementId] => checkgroup_7019536144
                                    [value] => Array
                                        (
                                            [0] => Array
                                                (
                                                    [i] => 0
                                                    [value] => Monday
                                                    [label] => Monday
                                                )

                                            [1] => Array
                                                (
                                                    [i] => 1
                                                    [value] => Tuesday
                                                    [label] => Tuesday
                                                )

                                            [2] => Array
                                                (
                                                    [i] => 2
                                                    [value] => Wednesday
                                                    [label] => Wednesday
                                                )

                                            [3] => Array
                                                (
                                                    [i] => 3
                                                    [value] => Thursday
                                                    [label] => Thursday
                                                )

                                        )

                                    [clStatus] => visible
                                    [price] => 
                                    [form_data] => stdClass Object
                                        (
                                            [name] => checkgroup_7019536144
                                            [label] => Select Days
                                            [active] => 1
                                            [required] => 1
                                            [elementId] => checkgroup_7019536144
                                        )

                                    [meta_id] => 5921
                                )

                        )

                    [2] => Array
                        (
                            [0] => Array
                                (
                                    [type] => checkbox-group
                                    [name] => checkgroup_7116206430
                                    [label] => Meal Type
                                    [elementId] => checkgroup_7116206430
                                    [value] => Array
                                        (
                                            [0] => Array
                                                (
                                                    [i] => 0
                                                    [value] => Breakfast
                                                    [label] => Breakfast
                                                )

                                            [1] => Array
                                                (
                                                    [i] => 1
                                                    [value] => Lunch
                                                    [label] => Lunch
                                                )

                                            [2] => Array
                                                (
                                                    [i] => 2
                                                    [value] => Dinner
                                                    [label] => Dinner
                                                )

                                        )

                                    [clStatus] => visible
                                    [price] => 
                                    [form_data] => stdClass Object
                                        (
                                            [name] => checkgroup_7116206430
                                            [label] => Meal Type
                                            [active] => 1
                                            [required] => 1
                                            [elementId] => checkgroup_7116206430
                                        )

                                    [meta_id] => 5922
                                )

                        )

                    [3] => Array
                        (
                            [0] => Array
                                (
                                    [type] => select
                                    [name] => select_7197362564
                                    [label] => Breakfast Time
                                    [elementId] => select_7197362564
                                    [value] => Array
                                        (
                                            [0] => Array
                                                (
                                                    [i] => 0
                                                    [value] => 8-10
                                                    [label] => 8 AM to 10 AM
                                                )

                                        )

                                    [clStatus] => visible
                                    [price] => 
                                    [form_data] => stdClass Object
                                        (
                                            [name] => select_7197362564
                                            [label] => Breakfast Time
                                            [active] => 1
                                            [required] => 
                                            [elementId] => select_7197362564
                                        )

                                    [meta_id] => 5923
                                )

                        )

                    [4] => Array
                        (
                            [0] => Array
                                (
                                    [type] => select
                                    [name] => select-7268073922
                                    [label] => Lunch Time
                                    [elementId] => select-7268073922
                                    [value] => Array
                                        (
                                            [0] => Array
                                                (
                                                    [i] => 0
                                                    [value] => 12-14
                                                    [label] => 12 PM to 2 PM
                                                )

                                        )

                                    [clStatus] => visible
                                    [price] => 
                                    [form_data] => stdClass Object
                                        (
                                            [name] => select-7268073922
                                            [label] => Lunch Time
                                            [active] => 1
                                            [required] => 
                                            [elementId] => select-7268073922
                                        )

                                    [meta_id] => 5924
                                )

                        )

                    [5] => Array
                        (
                            [0] => Array
                                (
                                    [type] => select
                                    [name] => select-3191301079
                                    [label] => Dinner Time
                                    [elementId] => select-3191301079
                                    [value] => Array
                                        (
                                            [0] => Array
                                                (
                                                    [i] => 0
                                                    [value] => 19-21
                                                    [label] => 7 PM to 9 PM
                                                )

                                        )

                                    [clStatus] => visible
                                    [price] => 
                                    [form_data] => stdClass Object
                                        (
                                            [name] => select-3191301079
                                            [label] => Dinner Time
                                            [active] => 1
                                            [required] => 
                                            [elementId] => select-3191301079
                                        )

                                    [meta_id] => 5925
                                )

                        )

                    [6] => Array
                        (
                            [0] => Array
                                (
                                    [type] => textarea
                                    [name] => textarea_4335501173
                                    [label] => Food Notes
                                    [elementId] => textarea_4335501173
                                    [value] => mkjuytfcbhj
                                    [clStatus] => visible
                                    [price] => 
                                    [form_data] => stdClass Object
                                        (
                                            [name] => textarea_4335501173
                                            [label] => Food Notes
                                            [value] => 
                                            [active] => 1
                                            [required] => 
                                            [elementId] => textarea_4335501173
                                        )

                                    [meta_id] => 5926
                                )

                        )

                )

        )

)

Meta: ingredients => Caret | Caret
Tomato | Tomato
Capsicum | Capsicum
Meta: start date => 2025-05-02
Meta: select days => Monday | Monday
Tuesday | Tuesday
Wednesday | Wednesday
Thursday | Thursday
Meta: meal type => Breakfast | Breakfast
Lunch | Lunch
Dinner | Dinner
Meta: breakfast time => 8 AM to 10 AM | 8-10
Meta: lunch time => 12 PM to 2 PM | 12-14
Meta: dinner time => 7 PM to 9 PM | 19-21
Meta: food notes => mkjuytfcbhj
Inserted meal plan for product ID: 3207
Calling wdb_generate_plan_schedule for order ID: 3663
